<?xml version="1.0" encoding="utf-8"?><testsuites name="pytest tests"><testsuite name="pytest" errors="0" failures="0" skipped="0" tests="12" time="0.764" timestamp="2026-02-06T14:14:55.285600+00:00" hostname="agent-env-c294b06a-189a-49d3-9ac5-c934d247c2ce"><testcase classname="tests.test_notification_settings.TestNotificationSettingsAPI" name="test_get_notification_settings_default" time="0.062" /><testcase classname="tests.test_notification_settings.TestNotificationSettingsAPI" name="test_get_notification_settings_unauthorized" time="0.037" /><testcase classname="tests.test_notification_settings.TestNotificationSettingsAPI" name="test_save_notification_settings" time="0.072" /><testcase classname="tests.test_notification_settings.TestNotificationSettingsAPI" name="test_save_notification_settings_partial_update" time="0.115" /><testcase classname="tests.test_notification_settings.TestAdminEmailEndpoints" name="test_send_reminders_admin_only" time="0.078" /><testcase classname="tests.test_notification_settings.TestAdminEmailEndpoints" name="test_send_trial_warnings_admin_only" time="0.082" /><testcase classname="tests.test_notification_settings.TestAdminEmailEndpoints" name="test_test_email_admin_only" time="0.038" /><testcase classname="tests.test_notification_settings.TestAdminEmailEndpoints" name="test_test_email_requires_email_param" time="0.036" /><testcase classname="tests.test_notification_settings.TestAdminEmailEndpoints" name="test_test_email_invalid_type" time="0.038" /><testcase classname="tests.test_notification_settings.TestAdminEmailEndpoints" name="test_test_email_reminder_type" time="0.034" /><testcase classname="tests.test_notification_settings.TestAdminEmailEndpoints" name="test_test_email_trial_warning_type" time="0.036" /><testcase classname="tests.test_notification_settings.TestAdminEmailEndpoints" name="test_test_email_trial_expired_type" time="0.074" /></testsuite></testsuites>