<?xml version="1.0" encoding="utf-8"?><testsuites name="pytest tests"><testsuite name="pytest" errors="0" failures="1" skipped="0" tests="12" time="0.960" timestamp="2026-02-06T14:14:26.744995+00:00" hostname="agent-env-c294b06a-189a-49d3-9ac5-c934d247c2ce"><testcase classname="tests.test_notification_settings.TestNotificationSettingsAPI" name="test_get_notification_settings_default" time="0.090"><failure message="AssertionError: Default reminder_time should be 20:00, got 18:00&#10;assert '18:00' == '20:00'&#10;  &#10;  - 20:00&#10;  + 18:00">tests/test_notification_settings.py:42: in test_get_notification_settings_default
    assert data["reminder_time"] == "20:00", f"Default reminder_time should be 20:00, got {data['reminder_time']}"
E   AssertionError: Default reminder_time should be 20:00, got 18:00
E   assert '18:00' == '20:00'
E     
E     - 20:00
E     + 18:00</failure></testcase><testcase classname="tests.test_notification_settings.TestNotificationSettingsAPI" name="test_get_notification_settings_unauthorized" time="0.043" /><testcase classname="tests.test_notification_settings.TestNotificationSettingsAPI" name="test_save_notification_settings" time="0.138" /><testcase classname="tests.test_notification_settings.TestNotificationSettingsAPI" name="test_save_notification_settings_partial_update" time="0.138" /><testcase classname="tests.test_notification_settings.TestAdminEmailEndpoints" name="test_send_reminders_admin_only" time="0.130" /><testcase classname="tests.test_notification_settings.TestAdminEmailEndpoints" name="test_send_trial_warnings_admin_only" time="0.099" /><testcase classname="tests.test_notification_settings.TestAdminEmailEndpoints" name="test_test_email_admin_only" time="0.037" /><testcase classname="tests.test_notification_settings.TestAdminEmailEndpoints" name="test_test_email_requires_email_param" time="0.040" /><testcase classname="tests.test_notification_settings.TestAdminEmailEndpoints" name="test_test_email_invalid_type" time="0.037" /><testcase classname="tests.test_notification_settings.TestAdminEmailEndpoints" name="test_test_email_reminder_type" time="0.035" /><testcase classname="tests.test_notification_settings.TestAdminEmailEndpoints" name="test_test_email_trial_warning_type" time="0.040" /><testcase classname="tests.test_notification_settings.TestAdminEmailEndpoints" name="test_test_email_trial_expired_type" time="0.043" /></testsuite></testsuites>