<?xml version="1.0" encoding="utf-8"?><testsuites name="pytest tests"><testsuite name="pytest" errors="0" failures="3" skipped="0" tests="12" time="0.807" timestamp="2026-02-06T14:13:54.304716+00:00" hostname="agent-env-c294b06a-189a-49d3-9ac5-c934d247c2ce"><testcase classname="tests.test_notification_settings.TestNotificationSettingsAPI" name="test_get_notification_settings_default" time="0.077" /><testcase classname="tests.test_notification_settings.TestNotificationSettingsAPI" name="test_get_notification_settings_unauthorized" time="0.036" /><testcase classname="tests.test_notification_settings.TestNotificationSettingsAPI" name="test_save_notification_settings" time="0.097" /><testcase classname="tests.test_notification_settings.TestNotificationSettingsAPI" name="test_save_notification_settings_partial_update" time="0.127" /><testcase classname="tests.test_notification_settings.TestAdminEmailEndpoints" name="test_send_reminders_admin_only" time="0.080" /><testcase classname="tests.test_notification_settings.TestAdminEmailEndpoints" name="test_send_trial_warnings_admin_only" time="0.085" /><testcase classname="tests.test_notification_settings.TestAdminEmailEndpoints" name="test_test_email_admin_only" time="0.036" /><testcase classname="tests.test_notification_settings.TestAdminEmailEndpoints" name="test_test_email_requires_email_param" time="0.035" /><testcase classname="tests.test_notification_settings.TestAdminEmailEndpoints" name="test_test_email_invalid_type" time="0.045" /><testcase classname="tests.test_notification_settings.TestAdminEmailEndpoints" name="test_test_email_reminder_type" time="0.033"><failure message="AssertionError: Expected 200 or 500, got 520&#10;assert 520 in [200, 500]&#10; +  where 520 = &lt;Response [520]&gt;.status_code">tests/test_notification_settings.py:232: in test_test_email_reminder_type
    assert response.status_code in [200, 500], f"Expected 200 or 500, got {response.status_code}"
E   AssertionError: Expected 200 or 500, got 520
E   assert 520 in [200, 500]
E    +  where 520 = &lt;Response [520]&gt;.status_code</failure></testcase><testcase classname="tests.test_notification_settings.TestAdminEmailEndpoints" name="test_test_email_trial_warning_type" time="0.035"><failure message="AssertionError: Expected 200 or 500, got 520&#10;assert 520 in [200, 500]&#10; +  where 520 = &lt;Response [520]&gt;.status_code">tests/test_notification_settings.py:245: in test_test_email_trial_warning_type
    assert response.status_code in [200, 500], f"Expected 200 or 500, got {response.status_code}"
E   AssertionError: Expected 200 or 500, got 520
E   assert 520 in [200, 500]
E    +  where 520 = &lt;Response [520]&gt;.status_code</failure></testcase><testcase classname="tests.test_notification_settings.TestAdminEmailEndpoints" name="test_test_email_trial_expired_type" time="0.039"><failure message="AssertionError: Expected 200 or 500, got 520&#10;assert 520 in [200, 500]&#10; +  where 520 = &lt;Response [520]&gt;.status_code">tests/test_notification_settings.py:258: in test_test_email_trial_expired_type
    assert response.status_code in [200, 500], f"Expected 200 or 500, got {response.status_code}"
E   AssertionError: Expected 200 or 500, got 520
E   assert 520 in [200, 500]
E    +  where 520 = &lt;Response [520]&gt;.status_code</failure></testcase></testsuite></testsuites>